[0714/001805.017:ERROR:process_reader_win.cc(108)] process 8712 not found
[0714/001805.265:ERROR:exception_snapshot_win.cc(98)] thread ID 7476 not found in process
[0714/001805.266:ERROR:scoped_process_suspend.cc(40)] NtResumeProcess: An attempt was made to access an exiting process. (0xc000010a)
[0714/005515.297:ERROR:process_info.cc(359)] UncheckedAllocate
[0714/005515.310:ERROR:process_info.cc(359)] UncheckedAllocate
[0714/005537.790:ERROR:process_info.cc(359)] UncheckedAllocate
[0714/005541.566:ERROR:process_info.cc(359)] UncheckedAllocate
[0714/010301.715:ERROR:process_info.cc(359)] UncheckedAllocate
[0714/010304.757:ERROR:process_info.cc(359)] UncheckedAllocate
[0714/011424.793:ERROR:process_info.cc(359)] UncheckedAllocate
[0714/011448.769:ERROR:process_info.cc(359)] UncheckedAllocate
[0714/013934.131:ERROR:process_info.cc(359)] UncheckedAllocate
[0714/013934.204:ERROR:process_info.cc(359)] UncheckedAllocate
[0714/013934.565:ERROR:http_transport_win.cc(276)] WinHttpSendRequest: The operation completed successfully. (0x0)
[0714/014643.170:ERROR:process_info.cc(359)] UncheckedAllocate
[0714/014704.187:ERROR:process_info.cc(359)] UncheckedAllocate
[0714/014725.644:ERROR:process_info.cc(359)] UncheckedAllocate
[0715/233352.078:ERROR:process_info.cc(359)] UncheckedAllocate
[0715/233546.972:ERROR:process_info.cc(359)] UncheckedAllocate
[0715/233547.190:ERROR:process_info.cc(359)] UncheckedAllocate
[0715/233547.576:ERROR:process_info.cc(359)] UncheckedAllocate
[0715/233548.858:ERROR:process_info.cc(359)] UncheckedAllocate
[0716/005846.367:ERROR:process_info.cc(359)] UncheckedAllocate
[0716/005912.851:ERROR:process_info.cc(359)] UncheckedAllocate
[0716/010440.459:ERROR:process_info.cc(359)] UncheckedAllocate
[0716/010440.492:ERROR:process_info.cc(359)] UncheckedAllocate
[0716/010440.497:ERROR:process_info.cc(359)] UncheckedAllocate
[0716/010559.622:ERROR:process_info.cc(359)] UncheckedAllocate
